[debug] [2018-06-24T05:59:12.555Z] ----------------------------------------------------------------------
[debug] [2018-06-24T05:59:12.562Z] Command:       C:\Program Files\nodejs\node.exe C:\Users\Vicky\AppData\Roaming\npm\node_modules\firebase-tools\bin\firebase serve
[debug] [2018-06-24T05:59:12.563Z] CLI Version:   3.19.0
[debug] [2018-06-24T05:59:12.563Z] Platform:      win32
[debug] [2018-06-24T05:59:12.563Z] Node Version:  v10.5.0
[debug] [2018-06-24T05:59:12.566Z] Time:          Sun Jun 24 2018 11:29:12 GMT+0530 (India Standard Time)
[debug] [2018-06-24T05:59:12.566Z] ----------------------------------------------------------------------
[debug] 
[debug] [2018-06-24T05:59:12.629Z] > command requires scopes: ["email","openid","https://www.googleapis.com/auth/cloudplatformprojects.readonly","https://www.googleapis.com/auth/firebase","https://www.googleapis.com/auth/cloud-platform"]
[debug] [2018-06-24T05:59:12.630Z] > authorizing via signed-in user
[debug] [2018-06-24T05:59:12.636Z] > refreshing access token with scopes: ["email","https://www.googleapis.com/auth/cloud-platform","https://www.googleapis.com/auth/cloudplatformprojects.readonly","https://www.googleapis.com/auth/firebase","openid"]
[debug] [2018-06-24T05:59:12.636Z] >>> HTTP REQUEST POST https://www.googleapis.com/oauth2/v3/token  
 { refresh_token: '1/KUc07oaRPq_CpWmA-XIWLt5PexZI3yjKi12cm7xqVrk',
  client_id:
   '563584335869-fgrhgmd47bqnekij5i8b5pr03ho849e6.apps.googleusercontent.com',
  client_secret: 'j9iVZfS8kkCEFUPaAeJV0sAi',
  grant_type: 'refresh_token',
  scope:
   'email https://www.googleapis.com/auth/cloud-platform https://www.googleapis.com/auth/cloudplatformprojects.readonly https://www.googleapis.com/auth/firebase openid' } 
 Sun Jun 24 2018 11:29:12 GMT+0530 (India Standard Time)
[debug] [2018-06-24T05:59:12.903Z] <<< HTTP RESPONSE 200
[debug] [2018-06-24T05:59:12.950Z] >>> HTTP REQUEST GET https://admin.firebase.com/v1/projects/automation-33f54  
  
 Sun Jun 24 2018 11:29:12 GMT+0530 (India Standard Time)
[debug] [2018-06-24T05:59:14.029Z] <<< HTTP RESPONSE 200
[debug] [2018-06-24T05:59:14.030Z] >>> HTTP REQUEST GET https://admin.firebase.com/v1/database/automation-33f54/tokens  
  
 Sun Jun 24 2018 11:29:14 GMT+0530 (India Standard Time)
[debug] [2018-06-24T05:59:15.112Z] <<< HTTP RESPONSE 200
[debug] [2018-06-24T05:59:15.114Z] >>> HTTP REQUEST GET https://cloudresourcemanager.googleapis.com/v1/projects/automation-33f54  
  
 Sun Jun 24 2018 11:29:15 GMT+0530 (India Standard Time)
[debug] [2018-06-24T05:59:16.443Z] <<< HTTP RESPONSE 200
[info] 
[info] === Serving from 'E:\Projects\pi\Home_Automation\Automation'...
[info] 
[debug] [2018-06-24T05:59:16.451Z] >>> HTTP REQUEST GET https://mobilesdk-pa.googleapis.com/v1/projects/562659225546/clients/_:getWebAppConfig  
  
 Sun Jun 24 2018 11:29:16 GMT+0530 (India Standard Time)
[debug] [2018-06-24T05:59:17.182Z] <<< HTTP RESPONSE 200
[info] i  hosting: Serving hosting files from: public
[info] +  hosting: Local server: http://localhost:5000

